<?xml version="1.0" encoding="UTF-8"?>
<testng-results ignored="0" total="2" passed="2" failed="0" skipped="0">
  <reporter-output>
  </reporter-output>
  <suite started-at="2019-05-12T15:22:25Z" name="Default suite" finished-at="2019-05-12T15:22:25Z" duration-ms="63">
    <groups>
    </groups>
    <test started-at="2019-05-12T15:22:25Z" name="Default test" finished-at="2019-05-12T15:22:25Z" duration-ms="63">
      <class name="priorityCheck.priorityCheck">
        <test-method signature="function()[pri:-2, instance:priorityCheck.priorityCheck@548e6d58]" started-at="2019-05-12T15:22:25Z" name="function" finished-at="2019-05-12T15:22:25Z" duration-ms="22" status="PASS">
          <reporter-output>
          </reporter-output>
        </test-method> <!-- function -->
        <test-method signature="priorityCheck()[pri:-1, instance:priorityCheck.priorityCheck@548e6d58]" started-at="2019-05-12T15:22:25Z" name="priorityCheck" finished-at="2019-05-12T15:22:25Z" duration-ms="3" status="PASS">
          <reporter-output>
          </reporter-output>
        </test-method> <!-- priorityCheck -->
      </class> <!-- priorityCheck.priorityCheck -->
    </test> <!-- Default test -->
  </suite> <!-- Default suite -->
</testng-results>
